<?xml version="1.0" encoding="UTF-8"?>
<testng-results ignored="0" total="1" passed="1" failed="0" skipped="0">
  <reporter-output>
  </reporter-output>
  <suite started-at="2023-11-08T17:24:43 IST" name="Default suite" finished-at="2023-11-08T17:27:17 IST" duration-ms="154123">
    <groups>
    </groups>
    <test started-at="2023-11-08T17:24:43 IST" name="Default test" finished-at="2023-11-08T17:27:17 IST" duration-ms="154123">
      <class name="list.Brokenlinks">
        <test-method signature="broken()[pri:0, instance:list.Brokenlinks@47eaca72]" started-at="2023-11-08T17:24:43 IST" name="broken" finished-at="2023-11-08T17:27:17 IST" duration-ms="154078" status="PASS">
          <reporter-output>
          </reporter-output>
        </test-method> <!-- broken -->
      </class> <!-- list.Brokenlinks -->
    </test> <!-- Default test -->
  </suite> <!-- Default suite -->
</testng-results>
